TN:
SF:C:\Users\FMVA77HWZ\mydev\products\atra\src\atra.js
FN:3,(anonymous_0)
FN:3,(anonymous_1)
FN:5,(anonymous_2)
FN:13,alloc
FN:39,(anonymous_4)
FNF:5
FNH:5
FNDA:1,(anonymous_0)
FNDA:7,(anonymous_1)
FNDA:7,(anonymous_2)
FNDA:7,alloc
FNDA:6,(anonymous_4)
DA:3,7
DA:5,1
DA:7,7
DA:15,7
DA:17,7
DA:18,7
DA:20,6
DA:22,5
DA:24,1
DA:28,2
DA:30,2
DA:39,1
DA:40,6
LF:13
LH:13
BRDA:7,0,0,1
BRDA:7,0,1,6
BRDA:18,1,0,1
BRDA:18,1,1,6
BRDA:20,2,0,1
BRDA:20,2,1,5
BRDA:20,3,0,6
BRDA:20,3,1,2
BRDA:22,4,0,1
BRDA:22,4,1,1
BRDA:22,4,2,1
BRDA:22,4,3,2
BRDA:22,4,4,2
BRDA:31,5,0,1
BRDA:31,5,1,1
BRDA:31,6,0,2
BRDA:31,6,1,1
BRDA:40,7,0,2
BRDA:40,7,1,4
BRF:19
BRH:19
end_of_record
